Arguments: 
  /Users/ly/.nvm/versions/node/v14.16.0/bin/node /Users/ly/.nvm/versions/node/v14.16.0/bin/yarn bundle

PATH: 
  /Users/ly/.deno/bin:/Users/ly/Downloads/trojan:/Users/ly/Library/Android/sdk/tools/bin/:/Users/ly/Library/Android/sdk/platform-tools/:/Users/ly/.rbenv/shims:/Users/ly/.rbenv/bin:/Users/ly/.nvm/versions/node/v14.16.0/bin:/Users/ly/.cargo/bin:/usr/local/bin:/usr/bin:/bin:/usr/sbin:/sbin:/Library/Apple/usr/bin:/Users/ly/Downloads/flutter/bin:/Users/ly/Project/new_gen_media/media_sdk_script/build_system:/Users/ly/Downloads/video-call-react-native/android-ndk-r20/toolchains:/Users/ly/Project/depot_tools

Yarn version: 
  1.22.10

Node version: 
  14.16.0

Platform: 
  darwin x64

Trace: 
  SyntaxError: /Users/ly/Project/CloudClass-Desktop/packages/agora-scenario-sdk/package.json: Unexpected token } in JSON at position 480
      at JSON.parse (<anonymous>)
      at /Users/ly/.nvm/versions/node/v14.16.0/lib/node_modules/yarn/lib/cli.js:1625:59
      at Generator.next (<anonymous>)
      at step (/Users/ly/.nvm/versions/node/v14.16.0/lib/node_modules/yarn/lib/cli.js:310:30)
      at /Users/ly/.nvm/versions/node/v14.16.0/lib/node_modules/yarn/lib/cli.js:321:13

npm manifest: 
  {
    "name": "agora-scenario-sdk",
    "version": "1.0.0",
    "main": "index.js",
    "author": "matrixbirds",
    "license": "MIT",
    "scripts": {
      "start": "vite",
      "bundle": "run-s build:bundle build:types",
      "build:types": "tsc -p ./tsconfig.json && tsc-alias -p tsconfig.json",
      "build:bundle": "vite build"
    },
    "devDependencies": {
      "@types/uuid": "3.4.6",
      "babel-loader": "8.2.2",
      "dayjs": "1.10.4",
      "tsc-alias": "1.2.8",
      "typescript": "4.2.3",
    },
    "dependencies": {
      "@netless/combine-player": "1.1.4",
      "@netless/cursor-tool": "0.0.7",
      "@netless/react-seek-slider": "1.0.4",
      "@netless/white-audio-plugin": "1.2.21",
      "@netless/white-video-plugin": "1.2.21",
      "agora-rte-sdk": "1.0.0",
      "ali-oss": "^6.15.2",
      "lodash": "^4.17.21",
      "mobx": "5.15.4",
      "mobx-react": "6.3.1",
      "react": "17.0.0",
      "react-i18next": "11.8.12",
      "rxjs": "6.6.6",
      "uuid": "3.3.3",
      "white-web-sdk": "2.12.9"
    },
    "browserslist": {
      "production": [
        ">0.2%",
        "not dead",
        "not op_mini all"
      ],
      "development": [
        "last 1 chrome version",
        "last 1 firefox version",
        "last 1 safari version"
      ]
    }
  }

yarn manifest: 
  No manifest

Lockfile: 
  No lockfile
